<?xml version="1.0" encoding="UTF-8"?>
<testsuite xmlns:xsi="http://www.w3.org/2001/XMLSchema-instance" xsi:noNamespaceSchemaLocation="https://maven.apache.org/surefire/maven-surefire-plugin/xsd/surefire-test-report-3.0.xsd" version="3.0" name="com.rio_rishabhNEU.UserApp.HealthzControllerTest" time="0.294" tests="4" errors="0" skipped="0" failures="0">
  <properties>
    <property name="java.specification.version" value="21"/>
    <property name="sun.jnu.encoding" value="UTF-8"/>
    <property name="java.class.path" value="/Users/rishabhsharma/Downloads/csye6225/RISHABH_SHARMA_002470410_a08/webApplication-fork/target/test-classes:/Users/rishabhsharma/Downloads/csye6225/RISHABH_SHARMA_002470410_a08/webApplication-fork/target/classes:/Users/rishabhsharma/.m2/repository/org/springframework/boot/spring-boot-starter-web/3.2.0/spring-boot-starter-web-3.2.0.jar:/Users/rishabhsharma/.m2/repository/org/springframework/boot/spring-boot-starter/3.2.0/spring-boot-starter-3.2.0.jar:/Users/rishabhsharma/.m2/repository/org/springframework/boot/spring-boot-autoconfigure/3.2.0/spring-boot-autoconfigure-3.2.0.jar:/Users/rishabhsharma/.m2/repository/org/springframework/boot/spring-boot-starter-logging/3.2.0/spring-boot-starter-logging-3.2.0.jar:/Users/rishabhsharma/.m2/repository/org/apache/logging/log4j/log4j-to-slf4j/2.21.1/log4j-to-slf4j-2.21.1.jar:/Users/rishabhsharma/.m2/repository/org/apache/logging/log4j/log4j-api/2.21.1/log4j-api-2.21.1.jar:/Users/rishabhsharma/.m2/repository/org/slf4j/jul-to-slf4j/2.0.9/jul-to-slf4j-2.0.9.jar:/Users/rishabhsharma/.m2/repository/jakarta/annotation/jakarta.annotation-api/2.1.1/jakarta.annotation-api-2.1.1.jar:/Users/rishabhsharma/.m2/repository/org/yaml/snakeyaml/2.2/snakeyaml-2.2.jar:/Users/rishabhsharma/.m2/repository/org/springframework/boot/spring-boot-starter-json/3.2.0/spring-boot-starter-json-3.2.0.jar:/Users/rishabhsharma/.m2/repository/com/fasterxml/jackson/core/jackson-databind/2.15.3/jackson-databind-2.15.3.jar:/Users/rishabhsharma/.m2/repository/com/fasterxml/jackson/core/jackson-annotations/2.15.3/jackson-annotations-2.15.3.jar:/Users/rishabhsharma/.m2/repository/com/fasterxml/jackson/core/jackson-core/2.15.3/jackson-core-2.15.3.jar:/Users/rishabhsharma/.m2/repository/com/fasterxml/jackson/datatype/jackson-datatype-jdk8/2.15.3/jackson-datatype-jdk8-2.15.3.jar:/Users/rishabhsharma/.m2/repository/com/fasterxml/jackson/datatype/jackson-datatype-jsr310/2.15.3/jackson-datatype-jsr310-2.15.3.jar:/Users/rishabhsharma/.m2/repository/com/fasterxml/jackson/module/jackson-module-parameter-names/2.15.3/jackson-module-parameter-names-2.15.3.jar:/Users/rishabhsharma/.m2/repository/org/springframework/boot/spring-boot-starter-tomcat/3.2.0/spring-boot-starter-tomcat-3.2.0.jar:/Users/rishabhsharma/.m2/repository/org/apache/tomcat/embed/tomcat-embed-core/10.1.16/tomcat-embed-core-10.1.16.jar:/Users/rishabhsharma/.m2/repository/org/apache/tomcat/embed/tomcat-embed-el/10.1.16/tomcat-embed-el-10.1.16.jar:/Users/rishabhsharma/.m2/repository/org/apache/tomcat/embed/tomcat-embed-websocket/10.1.16/tomcat-embed-websocket-10.1.16.jar:/Users/rishabhsharma/.m2/repository/org/springframework/spring-web/6.1.1/spring-web-6.1.1.jar:/Users/rishabhsharma/.m2/repository/org/springframework/spring-beans/6.1.1/spring-beans-6.1.1.jar:/Users/rishabhsharma/.m2/repository/org/springframework/spring-webmvc/6.1.1/spring-webmvc-6.1.1.jar:/Users/rishabhsharma/.m2/repository/org/springframework/spring-context/6.1.1/spring-context-6.1.1.jar:/Users/rishabhsharma/.m2/repository/org/springframework/spring-expression/6.1.1/spring-expression-6.1.1.jar:/Users/rishabhsharma/.m2/repository/org/springframework/boot/spring-boot-starter-data-jpa/3.2.0/spring-boot-starter-data-jpa-3.2.0.jar:/Users/rishabhsharma/.m2/repository/org/springframework/boot/spring-boot-starter-aop/3.2.0/spring-boot-starter-aop-3.2.0.jar:/Users/rishabhsharma/.m2/repository/org/aspectj/aspectjweaver/1.9.20.1/aspectjweaver-1.9.20.1.jar:/Users/rishabhsharma/.m2/repository/org/springframework/boot/spring-boot-starter-jdbc/3.2.0/spring-boot-starter-jdbc-3.2.0.jar:/Users/rishabhsharma/.m2/repository/com/zaxxer/HikariCP/5.0.1/HikariCP-5.0.1.jar:/Users/rishabhsharma/.m2/repository/org/springframework/spring-jdbc/6.1.1/spring-jdbc-6.1.1.jar:/Users/rishabhsharma/.m2/repository/org/hibernate/orm/hibernate-core/6.3.1.Final/hibernate-core-6.3.1.Final.jar:/Users/rishabhsharma/.m2/repository/jakarta/persistence/jakarta.persistence-api/3.1.0/jakarta.persistence-api-3.1.0.jar:/Users/rishabhsharma/.m2/repository/jakarta/transaction/jakarta.transaction-api/2.0.1/jakarta.transaction-api-2.0.1.jar:/Users/rishabhsharma/.m2/repository/org/jboss/logging/jboss-logging/3.5.3.Final/jboss-logging-3.5.3.Final.jar:/Users/rishabhsharma/.m2/repository/org/hibernate/common/hibernate-commons-annotations/6.0.6.Final/hibernate-commons-annotations-6.0.6.Final.jar:/Users/rishabhsharma/.m2/repository/io/smallrye/jandex/3.1.2/jandex-3.1.2.jar:/Users/rishabhsharma/.m2/repository/com/fasterxml/classmate/1.6.0/classmate-1.6.0.jar:/Users/rishabhsharma/.m2/repository/org/glassfish/jaxb/jaxb-runtime/4.0.4/jaxb-runtime-4.0.4.jar:/Users/rishabhsharma/.m2/repository/org/glassfish/jaxb/jaxb-core/4.0.4/jaxb-core-4.0.4.jar:/Users/rishabhsharma/.m2/repository/org/eclipse/angus/angus-activation/2.0.1/angus-activation-2.0.1.jar:/Users/rishabhsharma/.m2/repository/org/glassfish/jaxb/txw2/4.0.4/txw2-4.0.4.jar:/Users/rishabhsharma/.m2/repository/com/sun/istack/istack-commons-runtime/4.1.2/istack-commons-runtime-4.1.2.jar:/Users/rishabhsharma/.m2/repository/jakarta/inject/jakarta.inject-api/2.0.1/jakarta.inject-api-2.0.1.jar:/Users/rishabhsharma/.m2/repository/org/antlr/antlr4-runtime/4.10.1/antlr4-runtime-4.10.1.jar:/Users/rishabhsharma/.m2/repository/org/springframework/data/spring-data-jpa/3.2.0/spring-data-jpa-3.2.0.jar:/Users/rishabhsharma/.m2/repository/org/springframework/data/spring-data-commons/3.2.0/spring-data-commons-3.2.0.jar:/Users/rishabhsharma/.m2/repository/org/springframework/spring-orm/6.1.1/spring-orm-6.1.1.jar:/Users/rishabhsharma/.m2/repository/org/springframework/spring-tx/6.1.1/spring-tx-6.1.1.jar:/Users/rishabhsharma/.m2/repository/org/springframework/spring-aspects/6.1.1/spring-aspects-6.1.1.jar:/Users/rishabhsharma/.m2/repository/org/springframework/boot/spring-boot-starter-security/3.2.0/spring-boot-starter-security-3.2.0.jar:/Users/rishabhsharma/.m2/repository/org/springframework/spring-aop/6.1.1/spring-aop-6.1.1.jar:/Users/rishabhsharma/.m2/repository/org/springframework/security/spring-security-config/6.2.0/spring-security-config-6.2.0.jar:/Users/rishabhsharma/.m2/repository/org/springframework/security/spring-security-web/6.2.0/spring-security-web-6.2.0.jar:/Users/rishabhsharma/.m2/repository/org/json/json/20231013/json-20231013.jar:/Users/rishabhsharma/.m2/repository/org/springframework/boot/spring-boot-starter-test/3.2.0/spring-boot-starter-test-3.2.0.jar:/Users/rishabhsharma/.m2/repository/org/springframework/boot/spring-boot-test-autoconfigure/3.2.0/spring-boot-test-autoconfigure-3.2.0.jar:/Users/rishabhsharma/.m2/repository/com/jayway/jsonpath/json-path/2.8.0/json-path-2.8.0.jar:/Users/rishabhsharma/.m2/repository/jakarta/xml/bind/jakarta.xml.bind-api/4.0.1/jakarta.xml.bind-api-4.0.1.jar:/Users/rishabhsharma/.m2/repository/jakarta/activation/jakarta.activation-api/2.1.2/jakarta.activation-api-2.1.2.jar:/Users/rishabhsharma/.m2/repository/net/minidev/json-smart/2.5.0/json-smart-2.5.0.jar:/Users/rishabhsharma/.m2/repository/net/minidev/accessors-smart/2.5.0/accessors-smart-2.5.0.jar:/Users/rishabhsharma/.m2/repository/org/ow2/asm/asm/9.3/asm-9.3.jar:/Users/rishabhsharma/.m2/repository/org/assertj/assertj-core/3.24.2/assertj-core-3.24.2.jar:/Users/rishabhsharma/.m2/repository/org/awaitility/awaitility/4.2.0/awaitility-4.2.0.jar:/Users/rishabhsharma/.m2/repository/org/hamcrest/hamcrest/2.2/hamcrest-2.2.jar:/Users/rishabhsharma/.m2/repository/org/junit/jupiter/junit-jupiter/5.10.1/junit-jupiter-5.10.1.jar:/Users/rishabhsharma/.m2/repository/org/junit/jupiter/junit-jupiter-api/5.10.1/junit-jupiter-api-5.10.1.jar:/Users/rishabhsharma/.m2/repository/org/opentest4j/opentest4j/1.3.0/opentest4j-1.3.0.jar:/Users/rishabhsharma/.m2/repository/org/junit/platform/junit-platform-commons/1.10.1/junit-platform-commons-1.10.1.jar:/Users/rishabhsharma/.m2/repository/org/apiguardian/apiguardian-api/1.1.2/apiguardian-api-1.1.2.jar:/Users/rishabhsharma/.m2/repository/org/junit/jupiter/junit-jupiter-params/5.10.1/junit-jupiter-params-5.10.1.jar:/Users/rishabhsharma/.m2/repository/org/junit/jupiter/junit-jupiter-engine/5.10.1/junit-jupiter-engine-5.10.1.jar:/Users/rishabhsharma/.m2/repository/org/junit/platform/junit-platform-engine/1.10.1/junit-platform-engine-1.10.1.jar:/Users/rishabhsharma/.m2/repository/org/mockito/mockito-junit-jupiter/5.7.0/mockito-junit-jupiter-5.7.0.jar:/Users/rishabhsharma/.m2/repository/org/skyscreamer/jsonassert/1.5.1/jsonassert-1.5.1.jar:/Users/rishabhsharma/.m2/repository/com/vaadin/external/google/android-json/0.0.20131108.vaadin1/android-json-0.0.20131108.vaadin1.jar:/Users/rishabhsharma/.m2/repository/org/springframework/spring-core/6.1.1/spring-core-6.1.1.jar:/Users/rishabhsharma/.m2/repository/org/springframework/spring-jcl/6.1.1/spring-jcl-6.1.1.jar:/Users/rishabhsharma/.m2/repository/org/springframework/spring-test/6.1.1/spring-test-6.1.1.jar:/Users/rishabhsharma/.m2/repository/org/xmlunit/xmlunit-core/2.9.1/xmlunit-core-2.9.1.jar:/Users/rishabhsharma/.m2/repository/org/springframework/security/spring-security-test/6.2.0/spring-security-test-6.2.0.jar:/Users/rishabhsharma/.m2/repository/org/springframework/security/spring-security-core/6.2.0/spring-security-core-6.2.0.jar:/Users/rishabhsharma/.m2/repository/org/springframework/security/spring-security-crypto/6.2.0/spring-security-crypto-6.2.0.jar:/Users/rishabhsharma/.m2/repository/com/h2database/h2/2.2.224/h2-2.2.224.jar:/Users/rishabhsharma/.m2/repository/org/postgresql/postgresql/42.6.0/postgresql-42.6.0.jar:/Users/rishabhsharma/.m2/repository/org/checkerframework/checker-qual/3.31.0/checker-qual-3.31.0.jar:/Users/rishabhsharma/.m2/repository/org/projectlombok/lombok/1.18.30/lombok-1.18.30.jar:/Users/rishabhsharma/.m2/repository/software/amazon/awssdk/s3/2.20.26/s3-2.20.26.jar:/Users/rishabhsharma/.m2/repository/software/amazon/awssdk/aws-xml-protocol/2.20.26/aws-xml-protocol-2.20.26.jar:/Users/rishabhsharma/.m2/repository/software/amazon/awssdk/protocol-core/2.20.26/protocol-core-2.20.26.jar:/Users/rishabhsharma/.m2/repository/software/amazon/awssdk/arns/2.20.26/arns-2.20.26.jar:/Users/rishabhsharma/.m2/repository/software/amazon/awssdk/profiles/2.20.26/profiles-2.20.26.jar:/Users/rishabhsharma/.m2/repository/software/amazon/awssdk/sdk-core/2.20.26/sdk-core-2.20.26.jar:/Users/rishabhsharma/.m2/repository/org/reactivestreams/reactive-streams/1.0.4/reactive-streams-1.0.4.jar:/Users/rishabhsharma/.m2/repository/software/amazon/awssdk/auth/2.20.26/auth-2.20.26.jar:/Users/rishabhsharma/.m2/repository/software/amazon/eventstream/eventstream/1.0.1/eventstream-1.0.1.jar:/Users/rishabhsharma/.m2/repository/software/amazon/awssdk/http-client-spi/2.20.26/http-client-spi-2.20.26.jar:/Users/rishabhsharma/.m2/repository/software/amazon/awssdk/regions/2.20.26/regions-2.20.26.jar:/Users/rishabhsharma/.m2/repository/software/amazon/awssdk/annotations/2.20.26/annotations-2.20.26.jar:/Users/rishabhsharma/.m2/repository/software/amazon/awssdk/utils/2.20.26/utils-2.20.26.jar:/Users/rishabhsharma/.m2/repository/software/amazon/awssdk/aws-core/2.20.26/aws-core-2.20.26.jar:/Users/rishabhsharma/.m2/repository/software/amazon/awssdk/metrics-spi/2.20.26/metrics-spi-2.20.26.jar:/Users/rishabhsharma/.m2/repository/software/amazon/awssdk/json-utils/2.20.26/json-utils-2.20.26.jar:/Users/rishabhsharma/.m2/repository/software/amazon/awssdk/third-party-jackson-core/2.20.26/third-party-jackson-core-2.20.26.jar:/Users/rishabhsharma/.m2/repository/software/amazon/awssdk/endpoints-spi/2.20.26/endpoints-spi-2.20.26.jar:/Users/rishabhsharma/.m2/repository/software/amazon/awssdk/apache-client/2.20.26/apache-client-2.20.26.jar:/Users/rishabhsharma/.m2/repository/org/apache/httpcomponents/httpclient/4.5.13/httpclient-4.5.13.jar:/Users/rishabhsharma/.m2/repository/commons-logging/commons-logging/1.2/commons-logging-1.2.jar:/Users/rishabhsharma/.m2/repository/org/apache/httpcomponents/httpcore/4.4.16/httpcore-4.4.16.jar:/Users/rishabhsharma/.m2/repository/commons-codec/commons-codec/1.16.0/commons-codec-1.16.0.jar:/Users/rishabhsharma/.m2/repository/software/amazon/awssdk/netty-nio-client/2.20.26/netty-nio-client-2.20.26.jar:/Users/rishabhsharma/.m2/repository/io/netty/netty-codec-http/4.1.101.Final/netty-codec-http-4.1.101.Final.jar:/Users/rishabhsharma/.m2/repository/io/netty/netty-codec-http2/4.1.101.Final/netty-codec-http2-4.1.101.Final.jar:/Users/rishabhsharma/.m2/repository/io/netty/netty-codec/4.1.101.Final/netty-codec-4.1.101.Final.jar:/Users/rishabhsharma/.m2/repository/io/netty/netty-transport/4.1.101.Final/netty-transport-4.1.101.Final.jar:/Users/rishabhsharma/.m2/repository/io/netty/netty-resolver/4.1.101.Final/netty-resolver-4.1.101.Final.jar:/Users/rishabhsharma/.m2/repository/io/netty/netty-common/4.1.101.Final/netty-common-4.1.101.Final.jar:/Users/rishabhsharma/.m2/repository/io/netty/netty-buffer/4.1.101.Final/netty-buffer-4.1.101.Final.jar:/Users/rishabhsharma/.m2/repository/io/netty/netty-handler/4.1.101.Final/netty-handler-4.1.101.Final.jar:/Users/rishabhsharma/.m2/repository/io/netty/netty-transport-native-unix-common/4.1.101.Final/netty-transport-native-unix-common-4.1.101.Final.jar:/Users/rishabhsharma/.m2/repository/io/netty/netty-transport-classes-epoll/4.1.101.Final/netty-transport-classes-epoll-4.1.101.Final.jar:/Users/rishabhsharma/.m2/repository/software/amazon/awssdk/cloudwatch/2.20.26/cloudwatch-2.20.26.jar:/Users/rishabhsharma/.m2/repository/software/amazon/awssdk/aws-query-protocol/2.20.26/aws-query-protocol-2.20.26.jar:/Users/rishabhsharma/.m2/repository/io/micrometer/micrometer-registry-cloudwatch2/1.12.0/micrometer-registry-cloudwatch2-1.12.0.jar:/Users/rishabhsharma/.m2/repository/io/micrometer/micrometer-core/1.12.0/micrometer-core-1.12.0.jar:/Users/rishabhsharma/.m2/repository/io/micrometer/micrometer-commons/1.12.0/micrometer-commons-1.12.0.jar:/Users/rishabhsharma/.m2/repository/io/micrometer/micrometer-observation/1.12.0/micrometer-observation-1.12.0.jar:/Users/rishabhsharma/.m2/repository/org/hdrhistogram/HdrHistogram/2.1.12/HdrHistogram-2.1.12.jar:/Users/rishabhsharma/.m2/repository/org/latencyutils/LatencyUtils/2.0.3/LatencyUtils-2.0.3.jar:/Users/rishabhsharma/.m2/repository/org/mockito/mockito-core/5.13.0/mockito-core-5.13.0.jar:/Users/rishabhsharma/.m2/repository/net/bytebuddy/byte-buddy/1.14.10/byte-buddy-1.14.10.jar:/Users/rishabhsharma/.m2/repository/net/bytebuddy/byte-buddy-agent/1.14.10/byte-buddy-agent-1.14.10.jar:/Users/rishabhsharma/.m2/repository/org/objenesis/objenesis/3.3/objenesis-3.3.jar:/Users/rishabhsharma/.m2/repository/org/springframework/boot/spring-boot-test/3.4.0-M3/spring-boot-test-3.4.0-M3.jar:/Users/rishabhsharma/.m2/repository/org/springframework/boot/spring-boot/3.2.0/spring-boot-3.2.0.jar:/Users/rishabhsharma/.m2/repository/ch/qos/logback/logback-core/1.4.14/logback-core-1.4.14.jar:/Users/rishabhsharma/.m2/repository/ch/qos/logback/logback-classic/1.4.14/logback-classic-1.4.14.jar:/Users/rishabhsharma/.m2/repository/org/slf4j/slf4j-api/2.0.9/slf4j-api-2.0.9.jar:/Users/rishabhsharma/.m2/repository/software/amazon/awssdk/sns/2.20.26/sns-2.20.26.jar:"/>
    <property name="java.vm.vendor" value="Oracle Corporation"/>
    <property name="LOG_PATH" value="/var/log/webapp"/>
    <property name="net.bytebuddy.experimental" value="true"/>
    <property name="sun.arch.data.model" value="64"/>
    <property name="java.vendor.url" value="https://java.oracle.com/"/>
    <property name="user.timezone" value="America/New_York"/>
    <property name="org.jboss.logging.provider" value="slf4j"/>
    <property name="os.name" value="Mac OS X"/>
    <property name="java.vm.specification.version" value="21"/>
    <property name="user.country" value="IN"/>
    <property name="sun.java.launcher" value="SUN_STANDARD"/>
    <property name="sun.boot.library.path" value="/Library/Java/JavaVirtualMachines/jdk-21.jdk/Contents/Home/lib"/>
    <property name="sun.java.command" value="/Users/rishabhsharma/Downloads/csye6225/RISHABH_SHARMA_002470410_a08/webApplication-fork/target/surefire/surefirebooter-20241120154418523_3.jar /Users/rishabhsharma/Downloads/csye6225/RISHABH_SHARMA_002470410_a08/webApplication-fork/target/surefire 2024-11-20T15-44-18_471-jvmRun1 surefire-20241120154418523_1tmp surefire_0-20241120154418523_2tmp"/>
    <property name="http.nonProxyHosts" value="local|*.local|169.254/16|*.169.254/16"/>
    <property name="jdk.debug" value="release"/>
    <property name="surefire.test.class.path" value="/Users/rishabhsharma/Downloads/csye6225/RISHABH_SHARMA_002470410_a08/webApplication-fork/target/test-classes:/Users/rishabhsharma/Downloads/csye6225/RISHABH_SHARMA_002470410_a08/webApplication-fork/target/classes:/Users/rishabhsharma/.m2/repository/org/springframework/boot/spring-boot-starter-web/3.2.0/spring-boot-starter-web-3.2.0.jar:/Users/rishabhsharma/.m2/repository/org/springframework/boot/spring-boot-starter/3.2.0/spring-boot-starter-3.2.0.jar:/Users/rishabhsharma/.m2/repository/org/springframework/boot/spring-boot-autoconfigure/3.2.0/spring-boot-autoconfigure-3.2.0.jar:/Users/rishabhsharma/.m2/repository/org/springframework/boot/spring-boot-starter-logging/3.2.0/spring-boot-starter-logging-3.2.0.jar:/Users/rishabhsharma/.m2/repository/org/apache/logging/log4j/log4j-to-slf4j/2.21.1/log4j-to-slf4j-2.21.1.jar:/Users/rishabhsharma/.m2/repository/org/apache/logging/log4j/log4j-api/2.21.1/log4j-api-2.21.1.jar:/Users/rishabhsharma/.m2/repository/org/slf4j/jul-to-slf4j/2.0.9/jul-to-slf4j-2.0.9.jar:/Users/rishabhsharma/.m2/repository/jakarta/annotation/jakarta.annotation-api/2.1.1/jakarta.annotation-api-2.1.1.jar:/Users/rishabhsharma/.m2/repository/org/yaml/snakeyaml/2.2/snakeyaml-2.2.jar:/Users/rishabhsharma/.m2/repository/org/springframework/boot/spring-boot-starter-json/3.2.0/spring-boot-starter-json-3.2.0.jar:/Users/rishabhsharma/.m2/repository/com/fasterxml/jackson/core/jackson-databind/2.15.3/jackson-databind-2.15.3.jar:/Users/rishabhsharma/.m2/repository/com/fasterxml/jackson/core/jackson-annotations/2.15.3/jackson-annotations-2.15.3.jar:/Users/rishabhsharma/.m2/repository/com/fasterxml/jackson/core/jackson-core/2.15.3/jackson-core-2.15.3.jar:/Users/rishabhsharma/.m2/repository/com/fasterxml/jackson/datatype/jackson-datatype-jdk8/2.15.3/jackson-datatype-jdk8-2.15.3.jar:/Users/rishabhsharma/.m2/repository/com/fasterxml/jackson/datatype/jackson-datatype-jsr310/2.15.3/jackson-datatype-jsr310-2.15.3.jar:/Users/rishabhsharma/.m2/repository/com/fasterxml/jackson/module/jackson-module-parameter-names/2.15.3/jackson-module-parameter-names-2.15.3.jar:/Users/rishabhsharma/.m2/repository/org/springframework/boot/spring-boot-starter-tomcat/3.2.0/spring-boot-starter-tomcat-3.2.0.jar:/Users/rishabhsharma/.m2/repository/org/apache/tomcat/embed/tomcat-embed-core/10.1.16/tomcat-embed-core-10.1.16.jar:/Users/rishabhsharma/.m2/repository/org/apache/tomcat/embed/tomcat-embed-el/10.1.16/tomcat-embed-el-10.1.16.jar:/Users/rishabhsharma/.m2/repository/org/apache/tomcat/embed/tomcat-embed-websocket/10.1.16/tomcat-embed-websocket-10.1.16.jar:/Users/rishabhsharma/.m2/repository/org/springframework/spring-web/6.1.1/spring-web-6.1.1.jar:/Users/rishabhsharma/.m2/repository/org/springframework/spring-beans/6.1.1/spring-beans-6.1.1.jar:/Users/rishabhsharma/.m2/repository/org/springframework/spring-webmvc/6.1.1/spring-webmvc-6.1.1.jar:/Users/rishabhsharma/.m2/repository/org/springframework/spring-context/6.1.1/spring-context-6.1.1.jar:/Users/rishabhsharma/.m2/repository/org/springframework/spring-expression/6.1.1/spring-expression-6.1.1.jar:/Users/rishabhsharma/.m2/repository/org/springframework/boot/spring-boot-starter-data-jpa/3.2.0/spring-boot-starter-data-jpa-3.2.0.jar:/Users/rishabhsharma/.m2/repository/org/springframework/boot/spring-boot-starter-aop/3.2.0/spring-boot-starter-aop-3.2.0.jar:/Users/rishabhsharma/.m2/repository/org/aspectj/aspectjweaver/1.9.20.1/aspectjweaver-1.9.20.1.jar:/Users/rishabhsharma/.m2/repository/org/springframework/boot/spring-boot-starter-jdbc/3.2.0/spring-boot-starter-jdbc-3.2.0.jar:/Users/rishabhsharma/.m2/repository/com/zaxxer/HikariCP/5.0.1/HikariCP-5.0.1.jar:/Users/rishabhsharma/.m2/repository/org/springframework/spring-jdbc/6.1.1/spring-jdbc-6.1.1.jar:/Users/rishabhsharma/.m2/repository/org/hibernate/orm/hibernate-core/6.3.1.Final/hibernate-core-6.3.1.Final.jar:/Users/rishabhsharma/.m2/repository/jakarta/persistence/jakarta.persistence-api/3.1.0/jakarta.persistence-api-3.1.0.jar:/Users/rishabhsharma/.m2/repository/jakarta/transaction/jakarta.transaction-api/2.0.1/jakarta.transaction-api-2.0.1.jar:/Users/rishabhsharma/.m2/repository/org/jboss/logging/jboss-logging/3.5.3.Final/jboss-logging-3.5.3.Final.jar:/Users/rishabhsharma/.m2/repository/org/hibernate/common/hibernate-commons-annotations/6.0.6.Final/hibernate-commons-annotations-6.0.6.Final.jar:/Users/rishabhsharma/.m2/repository/io/smallrye/jandex/3.1.2/jandex-3.1.2.jar:/Users/rishabhsharma/.m2/repository/com/fasterxml/classmate/1.6.0/classmate-1.6.0.jar:/Users/rishabhsharma/.m2/repository/org/glassfish/jaxb/jaxb-runtime/4.0.4/jaxb-runtime-4.0.4.jar:/Users/rishabhsharma/.m2/repository/org/glassfish/jaxb/jaxb-core/4.0.4/jaxb-core-4.0.4.jar:/Users/rishabhsharma/.m2/repository/org/eclipse/angus/angus-activation/2.0.1/angus-activation-2.0.1.jar:/Users/rishabhsharma/.m2/repository/org/glassfish/jaxb/txw2/4.0.4/txw2-4.0.4.jar:/Users/rishabhsharma/.m2/repository/com/sun/istack/istack-commons-runtime/4.1.2/istack-commons-runtime-4.1.2.jar:/Users/rishabhsharma/.m2/repository/jakarta/inject/jakarta.inject-api/2.0.1/jakarta.inject-api-2.0.1.jar:/Users/rishabhsharma/.m2/repository/org/antlr/antlr4-runtime/4.10.1/antlr4-runtime-4.10.1.jar:/Users/rishabhsharma/.m2/repository/org/springframework/data/spring-data-jpa/3.2.0/spring-data-jpa-3.2.0.jar:/Users/rishabhsharma/.m2/repository/org/springframework/data/spring-data-commons/3.2.0/spring-data-commons-3.2.0.jar:/Users/rishabhsharma/.m2/repository/org/springframework/spring-orm/6.1.1/spring-orm-6.1.1.jar:/Users/rishabhsharma/.m2/repository/org/springframework/spring-tx/6.1.1/spring-tx-6.1.1.jar:/Users/rishabhsharma/.m2/repository/org/springframework/spring-aspects/6.1.1/spring-aspects-6.1.1.jar:/Users/rishabhsharma/.m2/repository/org/springframework/boot/spring-boot-starter-security/3.2.0/spring-boot-starter-security-3.2.0.jar:/Users/rishabhsharma/.m2/repository/org/springframework/spring-aop/6.1.1/spring-aop-6.1.1.jar:/Users/rishabhsharma/.m2/repository/org/springframework/security/spring-security-config/6.2.0/spring-security-config-6.2.0.jar:/Users/rishabhsharma/.m2/repository/org/springframework/security/spring-security-web/6.2.0/spring-security-web-6.2.0.jar:/Users/rishabhsharma/.m2/repository/org/json/json/20231013/json-20231013.jar:/Users/rishabhsharma/.m2/repository/org/springframework/boot/spring-boot-starter-test/3.2.0/spring-boot-starter-test-3.2.0.jar:/Users/rishabhsharma/.m2/repository/org/springframework/boot/spring-boot-test-autoconfigure/3.2.0/spring-boot-test-autoconfigure-3.2.0.jar:/Users/rishabhsharma/.m2/repository/com/jayway/jsonpath/json-path/2.8.0/json-path-2.8.0.jar:/Users/rishabhsharma/.m2/repository/jakarta/xml/bind/jakarta.xml.bind-api/4.0.1/jakarta.xml.bind-api-4.0.1.jar:/Users/rishabhsharma/.m2/repository/jakarta/activation/jakarta.activation-api/2.1.2/jakarta.activation-api-2.1.2.jar:/Users/rishabhsharma/.m2/repository/net/minidev/json-smart/2.5.0/json-smart-2.5.0.jar:/Users/rishabhsharma/.m2/repository/net/minidev/accessors-smart/2.5.0/accessors-smart-2.5.0.jar:/Users/rishabhsharma/.m2/repository/org/ow2/asm/asm/9.3/asm-9.3.jar:/Users/rishabhsharma/.m2/repository/org/assertj/assertj-core/3.24.2/assertj-core-3.24.2.jar:/Users/rishabhsharma/.m2/repository/org/awaitility/awaitility/4.2.0/awaitility-4.2.0.jar:/Users/rishabhsharma/.m2/repository/org/hamcrest/hamcrest/2.2/hamcrest-2.2.jar:/Users/rishabhsharma/.m2/repository/org/junit/jupiter/junit-jupiter/5.10.1/junit-jupiter-5.10.1.jar:/Users/rishabhsharma/.m2/repository/org/junit/jupiter/junit-jupiter-api/5.10.1/junit-jupiter-api-5.10.1.jar:/Users/rishabhsharma/.m2/repository/org/opentest4j/opentest4j/1.3.0/opentest4j-1.3.0.jar:/Users/rishabhsharma/.m2/repository/org/junit/platform/junit-platform-commons/1.10.1/junit-platform-commons-1.10.1.jar:/Users/rishabhsharma/.m2/repository/org/apiguardian/apiguardian-api/1.1.2/apiguardian-api-1.1.2.jar:/Users/rishabhsharma/.m2/repository/org/junit/jupiter/junit-jupiter-params/5.10.1/junit-jupiter-params-5.10.1.jar:/Users/rishabhsharma/.m2/repository/org/junit/jupiter/junit-jupiter-engine/5.10.1/junit-jupiter-engine-5.10.1.jar:/Users/rishabhsharma/.m2/repository/org/junit/platform/junit-platform-engine/1.10.1/junit-platform-engine-1.10.1.jar:/Users/rishabhsharma/.m2/repository/org/mockito/mockito-junit-jupiter/5.7.0/mockito-junit-jupiter-5.7.0.jar:/Users/rishabhsharma/.m2/repository/org/skyscreamer/jsonassert/1.5.1/jsonassert-1.5.1.jar:/Users/rishabhsharma/.m2/repository/com/vaadin/external/google/android-json/0.0.20131108.vaadin1/android-json-0.0.20131108.vaadin1.jar:/Users/rishabhsharma/.m2/repository/org/springframework/spring-core/6.1.1/spring-core-6.1.1.jar:/Users/rishabhsharma/.m2/repository/org/springframework/spring-jcl/6.1.1/spring-jcl-6.1.1.jar:/Users/rishabhsharma/.m2/repository/org/springframework/spring-test/6.1.1/spring-test-6.1.1.jar:/Users/rishabhsharma/.m2/repository/org/xmlunit/xmlunit-core/2.9.1/xmlunit-core-2.9.1.jar:/Users/rishabhsharma/.m2/repository/org/springframework/security/spring-security-test/6.2.0/spring-security-test-6.2.0.jar:/Users/rishabhsharma/.m2/repository/org/springframework/security/spring-security-core/6.2.0/spring-security-core-6.2.0.jar:/Users/rishabhsharma/.m2/repository/org/springframework/security/spring-security-crypto/6.2.0/spring-security-crypto-6.2.0.jar:/Users/rishabhsharma/.m2/repository/com/h2database/h2/2.2.224/h2-2.2.224.jar:/Users/rishabhsharma/.m2/repository/org/postgresql/postgresql/42.6.0/postgresql-42.6.0.jar:/Users/rishabhsharma/.m2/repository/org/checkerframework/checker-qual/3.31.0/checker-qual-3.31.0.jar:/Users/rishabhsharma/.m2/repository/org/projectlombok/lombok/1.18.30/lombok-1.18.30.jar:/Users/rishabhsharma/.m2/repository/software/amazon/awssdk/s3/2.20.26/s3-2.20.26.jar:/Users/rishabhsharma/.m2/repository/software/amazon/awssdk/aws-xml-protocol/2.20.26/aws-xml-protocol-2.20.26.jar:/Users/rishabhsharma/.m2/repository/software/amazon/awssdk/protocol-core/2.20.26/protocol-core-2.20.26.jar:/Users/rishabhsharma/.m2/repository/software/amazon/awssdk/arns/2.20.26/arns-2.20.26.jar:/Users/rishabhsharma/.m2/repository/software/amazon/awssdk/profiles/2.20.26/profiles-2.20.26.jar:/Users/rishabhsharma/.m2/repository/software/amazon/awssdk/sdk-core/2.20.26/sdk-core-2.20.26.jar:/Users/rishabhsharma/.m2/repository/org/reactivestreams/reactive-streams/1.0.4/reactive-streams-1.0.4.jar:/Users/rishabhsharma/.m2/repository/software/amazon/awssdk/auth/2.20.26/auth-2.20.26.jar:/Users/rishabhsharma/.m2/repository/software/amazon/eventstream/eventstream/1.0.1/eventstream-1.0.1.jar:/Users/rishabhsharma/.m2/repository/software/amazon/awssdk/http-client-spi/2.20.26/http-client-spi-2.20.26.jar:/Users/rishabhsharma/.m2/repository/software/amazon/awssdk/regions/2.20.26/regions-2.20.26.jar:/Users/rishabhsharma/.m2/repository/software/amazon/awssdk/annotations/2.20.26/annotations-2.20.26.jar:/Users/rishabhsharma/.m2/repository/software/amazon/awssdk/utils/2.20.26/utils-2.20.26.jar:/Users/rishabhsharma/.m2/repository/software/amazon/awssdk/aws-core/2.20.26/aws-core-2.20.26.jar:/Users/rishabhsharma/.m2/repository/software/amazon/awssdk/metrics-spi/2.20.26/metrics-spi-2.20.26.jar:/Users/rishabhsharma/.m2/repository/software/amazon/awssdk/json-utils/2.20.26/json-utils-2.20.26.jar:/Users/rishabhsharma/.m2/repository/software/amazon/awssdk/third-party-jackson-core/2.20.26/third-party-jackson-core-2.20.26.jar:/Users/rishabhsharma/.m2/repository/software/amazon/awssdk/endpoints-spi/2.20.26/endpoints-spi-2.20.26.jar:/Users/rishabhsharma/.m2/repository/software/amazon/awssdk/apache-client/2.20.26/apache-client-2.20.26.jar:/Users/rishabhsharma/.m2/repository/org/apache/httpcomponents/httpclient/4.5.13/httpclient-4.5.13.jar:/Users/rishabhsharma/.m2/repository/commons-logging/commons-logging/1.2/commons-logging-1.2.jar:/Users/rishabhsharma/.m2/repository/org/apache/httpcomponents/httpcore/4.4.16/httpcore-4.4.16.jar:/Users/rishabhsharma/.m2/repository/commons-codec/commons-codec/1.16.0/commons-codec-1.16.0.jar:/Users/rishabhsharma/.m2/repository/software/amazon/awssdk/netty-nio-client/2.20.26/netty-nio-client-2.20.26.jar:/Users/rishabhsharma/.m2/repository/io/netty/netty-codec-http/4.1.101.Final/netty-codec-http-4.1.101.Final.jar:/Users/rishabhsharma/.m2/repository/io/netty/netty-codec-http2/4.1.101.Final/netty-codec-http2-4.1.101.Final.jar:/Users/rishabhsharma/.m2/repository/io/netty/netty-codec/4.1.101.Final/netty-codec-4.1.101.Final.jar:/Users/rishabhsharma/.m2/repository/io/netty/netty-transport/4.1.101.Final/netty-transport-4.1.101.Final.jar:/Users/rishabhsharma/.m2/repository/io/netty/netty-resolver/4.1.101.Final/netty-resolver-4.1.101.Final.jar:/Users/rishabhsharma/.m2/repository/io/netty/netty-common/4.1.101.Final/netty-common-4.1.101.Final.jar:/Users/rishabhsharma/.m2/repository/io/netty/netty-buffer/4.1.101.Final/netty-buffer-4.1.101.Final.jar:/Users/rishabhsharma/.m2/repository/io/netty/netty-handler/4.1.101.Final/netty-handler-4.1.101.Final.jar:/Users/rishabhsharma/.m2/repository/io/netty/netty-transport-native-unix-common/4.1.101.Final/netty-transport-native-unix-common-4.1.101.Final.jar:/Users/rishabhsharma/.m2/repository/io/netty/netty-transport-classes-epoll/4.1.101.Final/netty-transport-classes-epoll-4.1.101.Final.jar:/Users/rishabhsharma/.m2/repository/software/amazon/awssdk/cloudwatch/2.20.26/cloudwatch-2.20.26.jar:/Users/rishabhsharma/.m2/repository/software/amazon/awssdk/aws-query-protocol/2.20.26/aws-query-protocol-2.20.26.jar:/Users/rishabhsharma/.m2/repository/io/micrometer/micrometer-registry-cloudwatch2/1.12.0/micrometer-registry-cloudwatch2-1.12.0.jar:/Users/rishabhsharma/.m2/repository/io/micrometer/micrometer-core/1.12.0/micrometer-core-1.12.0.jar:/Users/rishabhsharma/.m2/repository/io/micrometer/micrometer-commons/1.12.0/micrometer-commons-1.12.0.jar:/Users/rishabhsharma/.m2/repository/io/micrometer/micrometer-observation/1.12.0/micrometer-observation-1.12.0.jar:/Users/rishabhsharma/.m2/repository/org/hdrhistogram/HdrHistogram/2.1.12/HdrHistogram-2.1.12.jar:/Users/rishabhsharma/.m2/repository/org/latencyutils/LatencyUtils/2.0.3/LatencyUtils-2.0.3.jar:/Users/rishabhsharma/.m2/repository/org/mockito/mockito-core/5.13.0/mockito-core-5.13.0.jar:/Users/rishabhsharma/.m2/repository/net/bytebuddy/byte-buddy/1.14.10/byte-buddy-1.14.10.jar:/Users/rishabhsharma/.m2/repository/net/bytebuddy/byte-buddy-agent/1.14.10/byte-buddy-agent-1.14.10.jar:/Users/rishabhsharma/.m2/repository/org/objenesis/objenesis/3.3/objenesis-3.3.jar:/Users/rishabhsharma/.m2/repository/org/springframework/boot/spring-boot-test/3.4.0-M3/spring-boot-test-3.4.0-M3.jar:/Users/rishabhsharma/.m2/repository/org/springframework/boot/spring-boot/3.2.0/spring-boot-3.2.0.jar:/Users/rishabhsharma/.m2/repository/ch/qos/logback/logback-core/1.4.14/logback-core-1.4.14.jar:/Users/rishabhsharma/.m2/repository/ch/qos/logback/logback-classic/1.4.14/logback-classic-1.4.14.jar:/Users/rishabhsharma/.m2/repository/org/slf4j/slf4j-api/2.0.9/slf4j-api-2.0.9.jar:/Users/rishabhsharma/.m2/repository/software/amazon/awssdk/sns/2.20.26/sns-2.20.26.jar:"/>
    <property name="sun.cpu.endian" value="little"/>
    <property name="user.home" value="/Users/rishabhsharma"/>
    <property name="user.language" value="en"/>
    <property name="java.specification.vendor" value="Oracle Corporation"/>
    <property name="java.version.date" value="2023-10-17"/>
    <property name="java.home" value="/Library/Java/JavaVirtualMachines/jdk-21.jdk/Contents/Home"/>
    <property name="file.separator" value="/"/>
    <property name="basedir" value="/Users/rishabhsharma/Downloads/csye6225/RISHABH_SHARMA_002470410_a08/webApplication-fork"/>
    <property name="java.vm.compressedOopsMode" value="Zero based"/>
    <property name="line.separator" value="&#10;"/>
    <property name="java.vm.specification.vendor" value="Oracle Corporation"/>
    <property name="java.specification.name" value="Java Platform API Specification"/>
    <property name="FILE_LOG_CHARSET" value="UTF-8"/>
    <property name="java.awt.headless" value="true"/>
    <property name="apple.awt.application.name" value="ForkedBooter"/>
    <property name="surefire.real.class.path" value="/Users/rishabhsharma/Downloads/csye6225/RISHABH_SHARMA_002470410_a08/webApplication-fork/target/surefire/surefirebooter-20241120154418523_3.jar"/>
    <property name="sun.management.compiler" value="HotSpot 64-Bit Tiered Compilers"/>
    <property name="ftp.nonProxyHosts" value="local|*.local|169.254/16|*.169.254/16"/>
    <property name="java.runtime.version" value="21.0.1+12-LTS-29"/>
    <property name="user.name" value="rishabhsharma"/>
    <property name="stdout.encoding" value="US-ASCII"/>
    <property name="path.separator" value=":"/>
    <property name="os.version" value="15.0.1"/>
    <property name="java.runtime.name" value="Java(TM) SE Runtime Environment"/>
    <property name="file.encoding" value="UTF-8"/>
    <property name="FILE_LOG_PATTERN" value="%d{yyyy-MM-dd HH:mm:ss} [%thread] %-5level %logger{36} - %msg%n"/>
    <property name="java.vm.name" value="Java HotSpot(TM) 64-Bit Server VM"/>
    <property name="LOG_FILE" value="/var/log/webapp/application.log"/>
    <property name="localRepository" value="/Users/rishabhsharma/.m2/repository"/>
    <property name="java.vendor.url.bug" value="https://bugreport.java.com/bugreport/"/>
    <property name="java.io.tmpdir" value="/var/folders/g6/lsdqcnn536vgw8rk5cvcz2800000gn/T/"/>
    <property name="idea.version" value="2024.2.2"/>
    <property name="com.zaxxer.hikari.pool_number" value="1"/>
    <property name="java.version" value="21.0.1"/>
    <property name="user.dir" value="/Users/rishabhsharma/Downloads/csye6225/RISHABH_SHARMA_002470410_a08/webApplication-fork"/>
    <property name="os.arch" value="aarch64"/>
    <property name="java.vm.specification.name" value="Java Virtual Machine Specification"/>
    <property name="PID" value="66133"/>
    <property name="CONSOLE_LOG_CHARSET" value="UTF-8"/>
    <property name="native.encoding" value="US-ASCII"/>
    <property name="java.library.path" value="/Users/rishabhsharma/Library/Java/Extensions:/Library/Java/Extensions:/Network/Library/Java/Extensions:/System/Library/Java/Extensions:/usr/lib/java:."/>
    <property name="java.vm.info" value="mixed mode, sharing"/>
    <property name="stderr.encoding" value="US-ASCII"/>
    <property name="java.vendor" value="Oracle Corporation"/>
    <property name="java.vm.version" value="21.0.1+12-LTS-29"/>
    <property name="sun.io.unicode.encoding" value="UnicodeBig"/>
    <property name="socksNonProxyHosts" value="local|*.local|169.254/16|*.169.254/16"/>
    <property name="java.class.version" value="65.0"/>
    <property name="CONSOLE_LOG_PATTERN" value="%d{yyyy-MM-dd HH:mm:ss} [%thread] %-5level %logger{36} - %msg%n"/>
  </properties>
  <testcase name="testBadRequestWithQueryParams" classname="com.rio_rishabhNEU.UserApp.HealthzControllerTest" time="0.254">
    <system-out><![CDATA[15:44:22.822 [main] INFO  o.s.mock.web.MockServletContext - Initializing Spring TestDispatcherServlet ''
15:44:22.822 [main] INFO  o.s.t.w.s.TestDispatcherServlet - Initializing Servlet ''
15:44:22.822 [main] INFO  o.s.t.w.s.TestDispatcherServlet - Completed initialization in 0 ms
]]></system-out>
  </testcase>
  <testcase name="testHealthCheckFailure" classname="com.rio_rishabhNEU.UserApp.HealthzControllerTest" time="0.012">
    <system-out><![CDATA[15:44:22.881 [main] INFO  o.s.mock.web.MockServletContext - Initializing Spring TestDispatcherServlet ''
15:44:22.881 [main] INFO  o.s.t.w.s.TestDispatcherServlet - Initializing Servlet ''
15:44:22.881 [main] INFO  o.s.t.w.s.TestDispatcherServlet - Completed initialization in 0 ms
]]></system-out>
  </testcase>
  <testcase name="testBadRequestWithRequestBody" classname="com.rio_rishabhNEU.UserApp.HealthzControllerTest" time="0.016">
    <system-out><![CDATA[15:44:22.893 [main] INFO  o.s.mock.web.MockServletContext - Initializing Spring TestDispatcherServlet ''
15:44:22.893 [main] INFO  o.s.t.w.s.TestDispatcherServlet - Initializing Servlet ''
15:44:22.893 [main] INFO  o.s.t.w.s.TestDispatcherServlet - Completed initialization in 0 ms
]]></system-out>
  </testcase>
  <testcase name="testHealthCheckSuccess" classname="com.rio_rishabhNEU.UserApp.HealthzControllerTest" time="0.007">
    <system-out><![CDATA[15:44:22.910 [main] INFO  o.s.mock.web.MockServletContext - Initializing Spring TestDispatcherServlet ''
15:44:22.910 [main] INFO  o.s.t.w.s.TestDispatcherServlet - Initializing Servlet ''
15:44:22.911 [main] INFO  o.s.t.w.s.TestDispatcherServlet - Completed initialization in 0 ms
]]></system-out>
  </testcase>
</testsuite>